<?xml version="1.0" encoding="UTF-8"?>
<testsuite xmlns:xsi="http://www.w3.org/2001/XMLSchema-instance" xsi:noNamespaceSchemaLocation="https://maven.apache.org/surefire/maven-surefire-plugin/xsd/surefire-test-report-3.0.xsd" version="3.0" name="com.etp.base.Login" time="87.723" tests="2" errors="0" skipped="0" failures="0">
  <properties>
[...]
</properties>
  <testcase name="Check login is successful with valid credentials" classname="Test Login functionality" time="40.062">
    <system-out><![CDATA[
@login @loginunify
Scenario: Check login is successful with valid credentials &amp#27;[90m# Feature/a_unifylogin.feature:5&amp#27;[0m
  &amp#27;[32mGiven &amp#27;[0m&amp#27;[32mbrowser is open&amp#27;[0m                                    &amp#27;[90m# com.etp.stepdefinition.Login.browser_is_open()&amp#27;[0m
  &amp#27;[32mAnd &amp#27;[0m&amp#27;[32muser is on login page&amp#27;[0m                                &amp#27;[90m# com.etp.stepdefinition.Login.user_is_on_login_page()&amp#27;[0m
  &amp#27;[32mWhen &amp#27;[0m&amp#27;[32muser enter username and password&amp#27;[0m                    &amp#27;[90m# com.etp.stepdefinition.Login.user_enter_username_and_password()&amp#27;[0m
  &amp#27;[32mAnd &amp#27;[0m&amp#27;[32muser clicks on login&amp#27;[0m                                 &amp#27;[90m# com.etp.stepdefinition.Login.user_clicks_on_login()&amp#27;[0m
login Successful
  &amp#27;[32mThen &amp#27;[0m&amp#27;[32muser is navigated to Select Group&amp#27;[0m                   &amp#27;[90m# com.etp.stepdefinition.Login.user_is_navigated_to_select_group()&amp#27;[0m
  &amp#27;[32mAnd &amp#27;[0m&amp#27;[32muser clicks on group&amp#27;[0m                                 &amp#27;[90m# com.etp.stepdefinition.Login.user_clicks_on_group()&amp#27;[0m
Welcome back  EGS Enterprise! Welcome back EGS Enterprise!
Welcome back  EGS Enterprise! Welcome back EGS Enterprise!
  &amp#27;[32mThen &amp#27;[0m&amp#27;[32mthe login should be successful&amp#27;[0m                      &amp#27;[90m# com.etp.stepdefinition.Login.the_login_should_be_successful()&amp#27;[0m
]]></system-out>
    <system-err><![CDATA[Jan 15, 2025 4:56:44 PM org.openqa.selenium.devtools.CdpVersionFinder findNearestMatch
WARNING: Unable to find an exact match for CDP version 131, returning the closest version; found: 129; Please update to a Selenium version that supports CDP version 131
]]></system-err>
  </testcase>
  <testcase name="Check shift begin  is successful" classname="ShiftBegin" time="46.624">
    <system-out><![CDATA[
@shiftbegin @shiftbegin
Scenario: Check shift begin  is successful &amp#27;[90m# Feature/c_shiftbegin.feature:5&amp#27;[0m
  &amp#27;[32mGiven &amp#27;[0m&amp#27;[32mPOS link is displayed in menu&amp#27;[0m      &amp#27;[90m# com.etp.stepdefinition.ShiftBegin.pos_link_is_displayed_in_menu()&amp#27;[0m
  &amp#27;[32mAnd &amp#27;[0m&amp#27;[32muser is on POS link from menu&amp#27;[0m        &amp#27;[90m# com.etp.stepdefinition.ShiftBegin.user_is_on_pos_link_from_menu()&amp#27;[0m
  &amp#27;[32mThen &amp#27;[0m&amp#27;[32muser select company&amp#27;[0m                 &amp#27;[90m# com.etp.stepdefinition.ShiftBegin.user_select_company()&amp#27;[0m
  &amp#27;[32mWhen &amp#27;[0m&amp#27;[32muser select store&amp#27;[0m                   &amp#27;[90m# com.etp.stepdefinition.ShiftBegin.user_select_store()&amp#27;[0m
  &amp#27;[32mAnd &amp#27;[0m&amp#27;[32muser select counter&amp#27;[0m                  &amp#27;[90m# com.etp.stepdefinition.ShiftBegin.user_select_counter()&amp#27;[0m
  &amp#27;[32mThen &amp#27;[0m&amp#27;[32mshiftbegin is done successfully&amp#27;[0m     &amp#27;[90m# com.etp.stepdefinition.ShiftBegin.shiftbegin_is_done_successfully()&amp#27;[0m
]]></system-out>
  </testcase>
</testsuite>